# JRE version: OpenJDK Runtime Environment (8.0_232-b09) (build 1.8.0_232-8u232-b09-0ubuntu1~18.04.1-b09)
# Java VM: OpenJDK 64-Bit Server VM (25.232-b09 mixed mode linux-amd64 compressed oops)
Heap:
 PSYoungGen      total 135168K, used 4076K [0x00000000d7100000, 0x00000000dfe00000, 0x0000000100000000)
  eden space 126464K, 0% used [0x00000000d7100000,0x00000000d7100000,0x00000000dec80000)
  from space 8704K, 46% used [0x00000000dec80000,0x00000000df07b038,0x00000000df500000)
  to   space 8192K, 0% used [0x00000000df500000,0x00000000df500000,0x00000000dfd00000)
 ParOldGen       total 84992K, used 6329K [0x0000000085200000, 0x000000008a500000, 0x00000000d7100000)
  object space 84992K, 7% used [0x0000000085200000,0x000000008582e698,0x000000008a500000)
 Metaspace       used 20426K, capacity 21210K, committed 21296K, reserved 1067008K
  class space    used 2680K, capacity 2873K, committed 2944K, reserved 1048576K
GC Heap History (10 events):
Event: 5,765 GC heap after
Heap after GC invocations=2 (full 0):
 PSYoungGen      total 36864K, used 4268K [0x00000000d7100000, 0x00000000db900000, 0x0000000100000000)
  eden space 31744K, 0% used [0x00000000d7100000,0x00000000d7100000,0x00000000d9000000)
  from space 5120K, 83% used [0x00000000d9500000,0x00000000d992b368,0x00000000d9a00000)
  to   space 5120K, 0% used [0x00000000d9000000,0x00000000d9000000,0x00000000d9500000)
 ParOldGen       total 84992K, used 16K [0x0000000085200000, 0x000000008a500000, 0x00000000d7100000)
  object space 84992K, 0% used [0x0000000085200000,0x0000000085204000,0x000000008a500000)
 Metaspace       used 10383K, capacity 10634K, committed 10880K, reserved 1058816K
  class space    used 1226K, capacity 1297K, committed 1408K, reserved 1048576K
}
Event: 6,932 GC heap before
{Heap before GC invocations=3 (full 0):
 PSYoungGen      total 36864K, used 36012K [0x00000000d7100000, 0x00000000db900000, 0x0000000100000000)
  eden space 31744K, 100% used [0x00000000d7100000,0x00000000d9000000,0x00000000d9000000)
  from space 5120K, 83% used [0x00000000d9500000,0x00000000d992b368,0x00000000d9a00000)
  to   space 5120K, 0% used [0x00000000d9000000,0x00000000d9000000,0x00000000d9500000)
 ParOldGen       total 84992K, used 16K [0x0000000085200000, 0x000000008a500000, 0x00000000d7100000)
  object space 84992K, 0% used [0x0000000085200000,0x0000000085204000,0x000000008a500000)
 Metaspace       used 11756K, capacity 12174K, committed 12416K, reserved 1060864K
  class space    used 1475K, capacity 1609K, committed 1664K, reserved 1048576K
Event: 6,979 GC heap after
Heap after GC invocations=3 (full 0):
 PSYoungGen      total 36864K, used 3913K [0x00000000d7100000, 0x00000000db900000, 0x0000000100000000)
  eden space 31744K, 0% used [0x00000000d7100000,0x00000000d7100000,0x00000000d9000000)
  from space 5120K, 76% used [0x00000000d9000000,0x00000000d93d2728,0x00000000d9500000)
  to   space 5120K, 0% used [0x00000000db400000,0x00000000db400000,0x00000000db900000)
 ParOldGen       total 84992K, used 24K [0x0000000085200000, 0x000000008a500000, 0x00000000d7100000)
  object space 84992K, 0% used [0x0000000085200000,0x0000000085206000,0x000000008a500000)
 Metaspace       used 11756K, capacity 12174K, committed 12416K, reserved 1060864K
  class space    used 1475K, capacity 1609K, committed 1664K, reserved 1048576K
}
Event: 7,874 GC heap before
{Heap before GC invocations=4 (full 0):
 PSYoungGen      total 36864K, used 35657K [0x00000000d7100000, 0x00000000db900000, 0x0000000100000000)
  eden space 31744K, 100% used [0x00000000d7100000,0x00000000d9000000,0x00000000d9000000)
  from space 5120K, 76% used [0x00000000d9000000,0x00000000d93d2728,0x00000000d9500000)
  to   space 5120K, 0% used [0x00000000db400000,0x00000000db400000,0x00000000db900000)
 ParOldGen       total 84992K, used 24K [0x0000000085200000, 0x000000008a500000, 0x00000000d7100000)
  object space 84992K, 0% used [0x0000000085200000,0x0000000085206000,0x000000008a500000)
 Metaspace       used 12899K, capacity 13320K, committed 13440K, reserved 1060864K
  class space    used 1686K, capacity 1828K, committed 1920K, reserved 1048576K
Event: 7,900 GC heap after
Heap after GC invocations=4 (full 0):
 PSYoungGen      total 68608K, used 4593K [0x00000000d7100000, 0x00000000db900000, 0x0000000100000000)
  eden space 63488K, 0% used [0x00000000d7100000,0x00000000d7100000,0x00000000daf00000)
  from space 5120K, 89% used [0x00000000db400000,0x00000000db87c7f8,0x00000000db900000)
  to   space 5120K, 0% used [0x00000000daf00000,0x00000000daf00000,0x00000000db400000)
 ParOldGen       total 84992K, used 32K [0x0000000085200000, 0x000000008a500000, 0x00000000d7100000)
  object space 84992K, 0% used [0x0000000085200000,0x0000000085208000,0x000000008a500000)
 Metaspace       used 12899K, capacity 13320K, committed 13440K, reserved 1060864K
  class space    used 1686K, capacity 1828K, committed 1920K, reserved 1048576K
}
Event: 12,284 GC heap before
{Heap before GC invocations=5 (full 0):
 PSYoungGen      total 68608K, used 68081K [0x00000000d7100000, 0x00000000db900000, 0x0000000100000000)
  eden space 63488K, 100% used [0x00000000d7100000,0x00000000daf00000,0x00000000daf00000)
  from space 5120K, 89% used [0x00000000db400000,0x00000000db87c7f8,0x00000000db900000)
  to   space 5120K, 0% used [0x00000000daf00000,0x00000000daf00000,0x00000000db400000)
 ParOldGen       total 84992K, used 32K [0x0000000085200000, 0x000000008a500000, 0x00000000d7100000)
  object space 84992K, 0% used [0x0000000085200000,0x0000000085208000,0x000000008a500000)
 Metaspace       used 17953K, capacity 18612K, committed 18688K, reserved 1064960K
  class space    used 2328K, capacity 2488K, committed 2560K, reserved 1048576K
Event: 12,431 GC heap after
Heap after GC invocations=5 (full 0):
 PSYoungGen      total 68608K, used 5115K [0x00000000d7100000, 0x00000000dfd00000, 0x0000000100000000)
  eden space 63488K, 0% used [0x00000000d7100000,0x00000000d7100000,0x00000000daf00000)
  from space 5120K, 99% used [0x00000000daf00000,0x00000000db3fee28,0x00000000db400000)
  to   space 8192K, 0% used [0x00000000df500000,0x00000000df500000,0x00000000dfd00000)
 ParOldGen       total 84992K, used 4015K [0x0000000085200000, 0x000000008a500000, 0x00000000d7100000)
  object space 84992K, 4% used [0x0000000085200000,0x00000000855ebe68,0x000000008a500000)
 Metaspace       used 17953K, capacity 18612K, committed 18688K, reserved 1064960K
  class space    used 2328K, capacity 2488K, committed 2560K, reserved 1048576K
}
Event: 18,583 GC heap before
{Heap before GC invocations=6 (full 0):
 PSYoungGen      total 68608K, used 68562K [0x00000000d7100000, 0x00000000dfd00000, 0x0000000100000000)
  eden space 63488K, 99% used [0x00000000d7100000,0x00000000daef5b48,0x00000000daf00000)
  from space 5120K, 99% used [0x00000000daf00000,0x00000000db3fee28,0x00000000db400000)
  to   space 8192K, 0% used [0x00000000df500000,0x00000000df500000,0x00000000dfd00000)
 ParOldGen       total 84992K, used 4015K [0x0000000085200000, 0x000000008a500000, 0x00000000d7100000)
  object space 84992K, 4% used [0x0000000085200000,0x00000000855ebe68,0x000000008a500000)
 Metaspace       used 19881K, capacity 20730K, committed 20864K, reserved 1067008K
  class space    used 2629K, capacity 2841K, committed 2944K, reserved 1048576K
Event: 18,680 GC heap after
Heap after GC invocations=6 (full 0):
 PSYoungGen      total 134656K, used 7022K [0x00000000d7100000, 0x00000000dfe00000, 0x0000000100000000)
  eden space 126464K, 0% used [0x00000000d7100000,0x00000000d7100000,0x00000000dec80000)
  from space 8192K, 85% used [0x00000000df500000,0x00000000dfbdba68,0x00000000dfd00000)
  to   space 8704K, 0% used [0x00000000dec80000,0x00000000dec80000,0x00000000df500000)
 ParOldGen       total 84992K, used 4023K [0x0000000085200000, 0x000000008a500000, 0x00000000d7100000)
  object space 84992K, 4% used [0x0000000085200000,0x00000000855ede68,0x000000008a500000)
 Metaspace       used 19881K, capacity 20730K, committed 20864K, reserved 1067008K
  class space    used 2629K, capacity 2841K, committed 2944K, reserved 1048576K
}
Event: 20,953 GC heap before
{Heap before GC invocations=7 (full 0):
 PSYoungGen      total 134656K, used 32507K [0x00000000d7100000, 0x00000000dfe00000, 0x0000000100000000)
  eden space 126464K, 20% used [0x00000000d7100000,0x00000000d89e34b8,0x00000000dec80000)
  from space 8192K, 85% used [0x00000000df500000,0x00000000dfbdba68,0x00000000dfd00000)
  to   space 8704K, 0% used [0x00000000dec80000,0x00000000dec80000,0x00000000df500000)
 ParOldGen       total 84992K, used 4023K [0x0000000085200000, 0x000000008a500000, 0x00000000d7100000)
  object space 84992K, 4% used [0x0000000085200000,0x00000000855ede68,0x000000008a500000)
 Metaspace       used 20426K, capacity 21210K, committed 21296K, reserved 1067008K
  class space    used 2680K, capacity 2873K, committed 2944K, reserved 1048576K

